

Started GET "/" for 127.0.0.1 at 2016-06-15 11:58:03 +0530
Processing by Rails::WelcomeController#index as HTML
  Rendered /home/nyros/.rvm/gems/ruby-2.3.0/gems/railties-4.2.6/lib/rails/templates/rails/welcome/index.html.erb (2.8ms)
Completed 200 OK in 36ms (Views: 17.4ms | ActiveRecord: 0.0ms)
  [1m[36m (107.6ms)[0m  [1mCREATE TABLE `schema_migrations` (`version` varchar(255) NOT NULL) ENGINE=InnoDB[0m
  [1m[35m (253.5ms)[0m  CREATE UNIQUE INDEX `unique_schema_migrations`  ON `schema_migrations` (`version`) 
  [1m[36mActiveRecord::SchemaMigration Load (0.6ms)[0m  [1mSELECT `schema_migrations`.* FROM `schema_migrations`[0m
Migrating to CreateRegistrations (20160615063140)
  [1m[35m (99.2ms)[0m  CREATE TABLE `registrations` (`id` int(11) auto_increment PRIMARY KEY, `firstname` varchar(255), `lastname` varchar(255), `email` varchar(255), `phone` int(11), `gender` varchar(255), `created_at` datetime NOT NULL, `updated_at` datetime NOT NULL) ENGINE=InnoDB
  [1m[36m (0.4ms)[0m  [1mBEGIN[0m
  [1m[35mSQL (0.3ms)[0m  INSERT INTO `schema_migrations` (`version`) VALUES ('20160615063140')
  [1m[36m (54.8ms)[0m  [1mCOMMIT[0m
  [1m[35mActiveRecord::SchemaMigration Load (0.6ms)[0m  SELECT `schema_migrations`.* FROM `schema_migrations`
  [1m[36m (0.6ms)[0m  [1mSELECT fk.referenced_table_name as 'to_table'
      ,fk.referenced_column_name as 'primary_key'
      ,fk.column_name as 'column'
      ,fk.constraint_name as 'name'
FROM information_schema.key_column_usage fk
WHERE fk.referenced_column_name is not null
  AND fk.table_schema = 'signup_development'
  AND fk.table_name = 'registrations'
[0m
  [1m[35m (0.3ms)[0m  SHOW CREATE TABLE `registrations`


Started GET "/" for 127.0.0.1 at 2016-06-15 12:05:26 +0530
  [1m[36mActiveRecord::SchemaMigration Load (0.2ms)[0m  [1mSELECT `schema_migrations`.* FROM `schema_migrations`[0m
Processing by Rails::WelcomeController#index as HTML
  Rendered /home/nyros/.rvm/gems/ruby-2.3.0/gems/railties-4.2.6/lib/rails/templates/rails/welcome/index.html.erb (1.9ms)
Completed 200 OK in 23ms (Views: 10.5ms | ActiveRecord: 0.0ms)


Started GET "/registration" for 127.0.0.1 at 2016-06-15 12:06:45 +0530

ActionController::RoutingError (No route matches [GET] "/registration"):
  actionpack (4.2.6) lib/action_dispatch/middleware/debug_exceptions.rb:21:in `call'
  web-console (2.3.0) lib/web_console/middleware.rb:28:in `block in call'
  web-console (2.3.0) lib/web_console/middleware.rb:18:in `catch'
  web-console (2.3.0) lib/web_console/middleware.rb:18:in `call'
  actionpack (4.2.6) lib/action_dispatch/middleware/show_exceptions.rb:30:in `call'
  railties (4.2.6) lib/rails/rack/logger.rb:38:in `call_app'
  railties (4.2.6) lib/rails/rack/logger.rb:20:in `block in call'
  activesupport (4.2.6) lib/active_support/tagged_logging.rb:68:in `block in tagged'
  activesupport (4.2.6) lib/active_support/tagged_logging.rb:26:in `tagged'
  activesupport (4.2.6) lib/active_support/tagged_logging.rb:68:in `tagged'
  railties (4.2.6) lib/rails/rack/logger.rb:20:in `call'
  actionpack (4.2.6) lib/action_dispatch/middleware/request_id.rb:21:in `call'
  rack (1.6.4) lib/rack/methodoverride.rb:22:in `call'
  rack (1.6.4) lib/rack/runtime.rb:18:in `call'
  activesupport (4.2.6) lib/active_support/cache/strategy/local_cache_middleware.rb:28:in `call'
  rack (1.6.4) lib/rack/lock.rb:17:in `call'
  actionpack (4.2.6) lib/action_dispatch/middleware/static.rb:120:in `call'
  rack (1.6.4) lib/rack/sendfile.rb:113:in `call'
  railties (4.2.6) lib/rails/engine.rb:518:in `call'
  railties (4.2.6) lib/rails/application.rb:165:in `call'
  rack (1.6.4) lib/rack/lock.rb:17:in `call'
  rack (1.6.4) lib/rack/content_length.rb:15:in `call'
  rack (1.6.4) lib/rack/handler/webrick.rb:88:in `service'
  /home/nyros/.rvm/rubies/ruby-2.3.0/lib/ruby/2.3.0/webrick/httpserver.rb:140:in `service'
  /home/nyros/.rvm/rubies/ruby-2.3.0/lib/ruby/2.3.0/webrick/httpserver.rb:96:in `run'
  /home/nyros/.rvm/rubies/ruby-2.3.0/lib/ruby/2.3.0/webrick/server.rb:296:in `block in start_thread'


  Rendered /home/nyros/.rvm/gems/ruby-2.3.0/gems/actionpack-4.2.6/lib/action_dispatch/middleware/templates/rescues/_trace.html.erb (2.4ms)
  Rendered /home/nyros/.rvm/gems/ruby-2.3.0/gems/actionpack-4.2.6/lib/action_dispatch/middleware/templates/routes/_route.html.erb (1.4ms)
  Rendered /home/nyros/.rvm/gems/ruby-2.3.0/gems/actionpack-4.2.6/lib/action_dispatch/middleware/templates/routes/_table.html.erb (8.0ms)
  Rendered /home/nyros/.rvm/gems/ruby-2.3.0/gems/actionpack-4.2.6/lib/action_dispatch/middleware/templates/rescues/_request_and_response.html.erb (1.6ms)
  Rendered /home/nyros/.rvm/gems/ruby-2.3.0/gems/actionpack-4.2.6/lib/action_dispatch/middleware/templates/rescues/routing_error.html.erb within rescues/layout (42.6ms)
  Rendered /home/nyros/.rvm/gems/ruby-2.3.0/gems/web-console-2.3.0/lib/web_console/templates/_markup.html.erb (0.5ms)
  Rendered /home/nyros/.rvm/gems/ruby-2.3.0/gems/web-console-2.3.0/lib/web_console/templates/_inner_console_markup.html.erb within layouts/inlined_string (0.6ms)
  Rendered /home/nyros/.rvm/gems/ruby-2.3.0/gems/web-console-2.3.0/lib/web_console/templates/_prompt_box_markup.html.erb within layouts/inlined_string (0.4ms)
  Rendered /home/nyros/.rvm/gems/ruby-2.3.0/gems/web-console-2.3.0/lib/web_console/templates/style.css.erb within layouts/inlined_string (0.5ms)
  Rendered /home/nyros/.rvm/gems/ruby-2.3.0/gems/web-console-2.3.0/lib/web_console/templates/console.js.erb within layouts/javascript (30.1ms)
  Rendered /home/nyros/.rvm/gems/ruby-2.3.0/gems/web-console-2.3.0/lib/web_console/templates/main.js.erb within layouts/javascript (0.6ms)
  Rendered /home/nyros/.rvm/gems/ruby-2.3.0/gems/web-console-2.3.0/lib/web_console/templates/error_page.js.erb within layouts/javascript (0.6ms)
  Rendered /home/nyros/.rvm/gems/ruby-2.3.0/gems/web-console-2.3.0/lib/web_console/templates/index.html.erb (53.1ms)


Started GET "/" for 127.0.0.1 at 2016-06-15 14:15:42 +0530
  [1m[36mActiveRecord::SchemaMigration Load (0.2ms)[0m  [1mSELECT `schema_migrations`.* FROM `schema_migrations`[0m
Processing by Rails::WelcomeController#index as HTML
  Rendered /home/nyros/.rvm/gems/ruby-2.3.0/gems/railties-4.2.6/lib/rails/templates/rails/welcome/index.html.erb (1.8ms)
Completed 200 OK in 23ms (Views: 9.8ms | ActiveRecord: 0.0ms)


Started GET "/registrations" for 127.0.0.1 at 2016-06-15 14:15:51 +0530
Processing by RegistrationsController#index as HTML
  [1m[35mRegistration Load (0.4ms)[0m  SELECT `registrations`.* FROM `registrations`
  Rendered registrations/index.html.erb within layouts/application (4.7ms)
Completed 200 OK in 1231ms (Views: 1226.0ms | ActiveRecord: 1.2ms)


Started GET "/assets/registrations.self-e3b0c44298fc1c149afbf4c8996fb92427ae41e4649b934ca495991b7852b855.css?body=1" for 127.0.0.1 at 2016-06-15 14:15:53 +0530


Started GET "/assets/scaffolds.self-adf8bd8511025456636a929b59a726a601ce66a7cbaac663dcf5dbe95ad23ba3.css?body=1" for 127.0.0.1 at 2016-06-15 14:15:53 +0530


Started GET "/assets/registrations.self-877aef30ae1b040ab8a3aba4e3e309a11d7f2612f44dde450b5c157aa5f95c05.js?body=1" for 127.0.0.1 at 2016-06-15 14:15:53 +0530


Started GET "/registrations/new" for 127.0.0.1 at 2016-06-15 14:15:55 +0530
Processing by RegistrationsController#new as HTML
  Rendered registrations/_form.html.erb (32.4ms)
  Rendered registrations/new.html.erb within layouts/application (36.7ms)
Completed 200 OK in 71ms (Views: 57.6ms | ActiveRecord: 0.7ms)


Started GET "/registrations/new" for 127.0.0.1 at 2016-06-15 14:15:55 +0530
Processing by RegistrationsController#new as HTML
  Rendered registrations/_form.html.erb (3.1ms)
  Rendered registrations/new.html.erb within layouts/application (4.1ms)
Completed 200 OK in 27ms (Views: 25.5ms | ActiveRecord: 0.0ms)


Started POST "/registrations" for 127.0.0.1 at 2016-06-15 14:27:57 +0530
Processing by RegistrationsController#create as HTML
  Parameters: {"utf8"=>"✓", "authenticity_token"=>"C3wIP548mxIvVJllbOcD6RrQipDzuDLJDZzEvPE/VA+cMvK3sg3EOsSNUEb86sQnrIVPXE0IrG/yIcgJnzLSFw==", "registration"=>{"firstname"=>"ram", "lastname"=>"", "email"=>"", "phone"=>"", "gender"=>""}, "commit"=>"Create Registration"}
  [1m[36m (0.2ms)[0m  [1mBEGIN[0m
  [1m[35mSQL (0.4ms)[0m  INSERT INTO `registrations` (`firstname`, `lastname`, `email`, `gender`, `created_at`, `updated_at`) VALUES ('ram', '', '', '', '2016-06-15 08:57:57', '2016-06-15 08:57:57')
  [1m[36m (131.1ms)[0m  [1mCOMMIT[0m
Redirected to http://localhost:3000/registrations/1
Completed 302 Found in 138ms (ActiveRecord: 131.6ms)


Started GET "/registrations/1" for 127.0.0.1 at 2016-06-15 14:27:57 +0530
Processing by RegistrationsController#show as HTML
  Parameters: {"id"=>"1"}
  [1m[35mRegistration Load (0.4ms)[0m  SELECT  `registrations`.* FROM `registrations` WHERE `registrations`.`id` = 1 LIMIT 1
  Rendered registrations/show.html.erb within layouts/application (1.7ms)
Completed 200 OK in 37ms (Views: 27.1ms | ActiveRecord: 0.4ms)


Started GET "/registrations" for 127.0.0.1 at 2016-06-15 14:31:23 +0530
Processing by RegistrationsController#index as HTML
  [1m[36mRegistration Load (0.9ms)[0m  [1mSELECT `registrations`.* FROM `registrations`[0m
  Rendered registrations/index.html.erb within layouts/application (5.7ms)
Completed 200 OK in 35ms (Views: 32.7ms | ActiveRecord: 0.9ms)


Started GET "/registrations/1/edit" for 127.0.0.1 at 2016-06-15 14:32:09 +0530
Processing by RegistrationsController#edit as HTML
  Parameters: {"id"=>"1"}
  [1m[35mRegistration Load (0.3ms)[0m  SELECT  `registrations`.* FROM `registrations` WHERE `registrations`.`id` = 1 LIMIT 1
  Rendered registrations/_form.html.erb (5.3ms)
  Rendered registrations/edit.html.erb within layouts/application (7.4ms)
Completed 200 OK in 32ms (Views: 29.4ms | ActiveRecord: 0.3ms)


Started PATCH "/registrations/1" for 127.0.0.1 at 2016-06-15 14:32:46 +0530
Processing by RegistrationsController#update as HTML
  Parameters: {"utf8"=>"✓", "authenticity_token"=>"LwzSlUILZ2XyHnGTTE2TRIi28PGsSBxyVzjukiU359e4Qigdbjo4TRnHuLDcQFSKPuM1PRL4gtSoheInSzphzw==", "registration"=>{"firstname"=>"ram", "lastname"=>"krishna", "email"=>"rk@gmail.com", "phone"=>"9000951223", "gender"=>"m"}, "commit"=>"Update Registration", "id"=>"1"}
  [1m[36mRegistration Load (0.2ms)[0m  [1mSELECT  `registrations`.* FROM `registrations` WHERE `registrations`.`id` = 1 LIMIT 1[0m
  [1m[35m (0.2ms)[0m  BEGIN
  [1m[36m (0.2ms)[0m  [1mROLLBACK[0m
Completed 500 Internal Server Error in 7ms (ActiveRecord: 0.6ms)

RangeError (9000951223 is out of range for ActiveRecord::Type::Integer with limit 4):
  app/controllers/registrations_controller.rb:44:in `block in update'
  app/controllers/registrations_controller.rb:43:in `update'


  Rendered /home/nyros/.rvm/gems/ruby-2.3.0/gems/actionpack-4.2.6/lib/action_dispatch/middleware/templates/rescues/_source.erb (12.4ms)
  Rendered /home/nyros/.rvm/gems/ruby-2.3.0/gems/actionpack-4.2.6/lib/action_dispatch/middleware/templates/rescues/_trace.html.erb (4.6ms)
  Rendered /home/nyros/.rvm/gems/ruby-2.3.0/gems/actionpack-4.2.6/lib/action_dispatch/middleware/templates/rescues/_request_and_response.html.erb (1.7ms)
  Rendered /home/nyros/.rvm/gems/ruby-2.3.0/gems/actionpack-4.2.6/lib/action_dispatch/middleware/templates/rescues/diagnostics.html.erb within rescues/layout (38.4ms)
  Rendered /home/nyros/.rvm/gems/ruby-2.3.0/gems/web-console-2.3.0/lib/web_console/templates/_markup.html.erb (0.8ms)
  Rendered /home/nyros/.rvm/gems/ruby-2.3.0/gems/web-console-2.3.0/lib/web_console/templates/_inner_console_markup.html.erb within layouts/inlined_string (0.4ms)
  Rendered /home/nyros/.rvm/gems/ruby-2.3.0/gems/web-console-2.3.0/lib/web_console/templates/_prompt_box_markup.html.erb within layouts/inlined_string (0.4ms)
  Rendered /home/nyros/.rvm/gems/ruby-2.3.0/gems/web-console-2.3.0/lib/web_console/templates/style.css.erb within layouts/inlined_string (0.4ms)
  Rendered /home/nyros/.rvm/gems/ruby-2.3.0/gems/web-console-2.3.0/lib/web_console/templates/console.js.erb within layouts/javascript (23.4ms)
  Rendered /home/nyros/.rvm/gems/ruby-2.3.0/gems/web-console-2.3.0/lib/web_console/templates/main.js.erb within layouts/javascript (0.5ms)
  Rendered /home/nyros/.rvm/gems/ruby-2.3.0/gems/web-console-2.3.0/lib/web_console/templates/error_page.js.erb within layouts/javascript (0.6ms)
  Rendered /home/nyros/.rvm/gems/ruby-2.3.0/gems/web-console-2.3.0/lib/web_console/templates/index.html.erb (49.1ms)


Started PATCH "/registrations/1" for 127.0.0.1 at 2016-06-15 14:33:15 +0530
Processing by RegistrationsController#update as HTML
  Parameters: {"utf8"=>"✓", "authenticity_token"=>"LwzSlUILZ2XyHnGTTE2TRIi28PGsSBxyVzjukiU359e4Qigdbjo4TRnHuLDcQFSKPuM1PRL4gtSoheInSzphzw==", "registration"=>{"firstname"=>"ram", "lastname"=>"krishna", "email"=>"rk@gmail.com", "phone"=>"90009", "gender"=>"m"}, "commit"=>"Update Registration", "id"=>"1"}
  [1m[35mRegistration Load (0.2ms)[0m  SELECT  `registrations`.* FROM `registrations` WHERE `registrations`.`id` = 1 LIMIT 1
  [1m[36m (0.1ms)[0m  [1mBEGIN[0m
  [1m[35mSQL (0.4ms)[0m  UPDATE `registrations` SET `lastname` = 'krishna', `email` = 'rk@gmail.com', `phone` = 90009, `gender` = 'm', `updated_at` = '2016-06-15 09:03:15' WHERE `registrations`.`id` = 1
  [1m[36m (91.1ms)[0m  [1mCOMMIT[0m
Redirected to http://localhost:3000/registrations/1
Completed 302 Found in 99ms (ActiveRecord: 91.9ms)


Started GET "/registrations/1" for 127.0.0.1 at 2016-06-15 14:33:15 +0530
Processing by RegistrationsController#show as HTML
  Parameters: {"id"=>"1"}
  [1m[35mRegistration Load (0.9ms)[0m  SELECT  `registrations`.* FROM `registrations` WHERE `registrations`.`id` = 1 LIMIT 1
  Rendered registrations/show.html.erb within layouts/application (0.5ms)
Completed 200 OK in 26ms (Views: 23.9ms | ActiveRecord: 0.9ms)


Started GET "/registrations" for 127.0.0.1 at 2016-06-15 14:46:09 +0530
Processing by RegistrationsController#index as HTML
  [1m[36mRegistration Load (0.7ms)[0m  [1mSELECT `registrations`.* FROM `registrations`[0m
  Rendered registrations/index.html.erb within layouts/application (3.4ms)
Completed 200 OK in 34ms (Views: 32.6ms | ActiveRecord: 0.7ms)


Started GET "/registrations/new" for 127.0.0.1 at 2016-06-15 15:30:01 +0530
Processing by RegistrationsController#new as HTML
  Rendered registrations/_form.html.erb (3.2ms)
  Rendered registrations/new.html.erb within layouts/application (4.1ms)
Completed 200 OK in 27ms (Views: 25.4ms | ActiveRecord: 0.0ms)


Started POST "/registrations" for 127.0.0.1 at 2016-06-15 15:45:39 +0530
Processing by RegistrationsController#create as HTML
  Parameters: {"utf8"=>"✓", "authenticity_token"=>"7Gy0iWOCWSlHxpRV0OOyYm3wXYnSTIN/DbgLr/RP0hZ7Ik4BT7MGAawfXXZA7nWs26WYRWz8HdnyBQcamkJUDg==", "registration"=>{"firstname"=>"rk", "lastname"=>"krk", "email"=>"djfndv@evnv.com", "phone"=>"1234", "gender"=>"m"}, "commit"=>"Create Registration"}
  [1m[35m (0.2ms)[0m  BEGIN
  [1m[36mSQL (0.3ms)[0m  [1mINSERT INTO `registrations` (`firstname`, `lastname`, `email`, `phone`, `gender`, `created_at`, `updated_at`) VALUES ('rk', 'krk', 'djfndv@evnv.com', 1234, 'm', '2016-06-15 10:15:39', '2016-06-15 10:15:39')[0m
  [1m[35m (59.1ms)[0m  COMMIT
Redirected to http://localhost:3000/registrations/2
Completed 302 Found in 65ms (ActiveRecord: 59.6ms)


Started GET "/registrations/2" for 127.0.0.1 at 2016-06-15 15:45:39 +0530
Processing by RegistrationsController#show as HTML
  Parameters: {"id"=>"2"}
  [1m[36mRegistration Load (0.4ms)[0m  [1mSELECT  `registrations`.* FROM `registrations` WHERE `registrations`.`id` = 2 LIMIT 1[0m
  Rendered registrations/show.html.erb within layouts/application (1.2ms)
Completed 200 OK in 28ms (Views: 25.8ms | ActiveRecord: 0.4ms)


Started GET "/registrations" for 127.0.0.1 at 2016-06-15 15:45:45 +0530
Processing by RegistrationsController#index as HTML
  [1m[35mRegistration Load (0.4ms)[0m  SELECT `registrations`.* FROM `registrations`
  Rendered registrations/index.html.erb within layouts/application (2.1ms)
Completed 200 OK in 23ms (Views: 21.7ms | ActiveRecord: 0.4ms)


Started GET "/registrations/new" for 127.0.0.1 at 2016-06-15 15:48:06 +0530
Processing by RegistrationsController#new as HTML
  Rendered registrations/_form.html.erb (3.5ms)
  Rendered registrations/new.html.erb within layouts/application (4.5ms)
Completed 200 OK in 24ms (Views: 23.2ms | ActiveRecord: 0.0ms)


Started GET "/" for 127.0.0.1 at 2016-06-16 12:15:29 +0530
  [1m[36mActiveRecord::SchemaMigration Load (0.4ms)[0m  [1mSELECT `schema_migrations`.* FROM `schema_migrations`[0m
Processing by Rails::WelcomeController#index as HTML
  Rendered /home/nyros/.rvm/gems/ruby-2.3.0/gems/railties-4.2.6/lib/rails/templates/rails/welcome/index.html.erb (1.7ms)
Completed 200 OK in 22ms (Views: 9.7ms | ActiveRecord: 0.0ms)


Started GET "/users/sign_up" for 127.0.0.1 at 2016-06-16 12:15:34 +0530

ActionController::RoutingError (No route matches [GET] "/users/sign_up"):
  actionpack (4.2.6) lib/action_dispatch/middleware/debug_exceptions.rb:21:in `call'
  web-console (2.3.0) lib/web_console/middleware.rb:28:in `block in call'
  web-console (2.3.0) lib/web_console/middleware.rb:18:in `catch'
  web-console (2.3.0) lib/web_console/middleware.rb:18:in `call'
  actionpack (4.2.6) lib/action_dispatch/middleware/show_exceptions.rb:30:in `call'
  railties (4.2.6) lib/rails/rack/logger.rb:38:in `call_app'
  railties (4.2.6) lib/rails/rack/logger.rb:20:in `block in call'
  activesupport (4.2.6) lib/active_support/tagged_logging.rb:68:in `block in tagged'
  activesupport (4.2.6) lib/active_support/tagged_logging.rb:26:in `tagged'
  activesupport (4.2.6) lib/active_support/tagged_logging.rb:68:in `tagged'
  railties (4.2.6) lib/rails/rack/logger.rb:20:in `call'
  actionpack (4.2.6) lib/action_dispatch/middleware/request_id.rb:21:in `call'
  rack (1.6.4) lib/rack/methodoverride.rb:22:in `call'
  rack (1.6.4) lib/rack/runtime.rb:18:in `call'
  activesupport (4.2.6) lib/active_support/cache/strategy/local_cache_middleware.rb:28:in `call'
  rack (1.6.4) lib/rack/lock.rb:17:in `call'
  actionpack (4.2.6) lib/action_dispatch/middleware/static.rb:120:in `call'
  rack (1.6.4) lib/rack/sendfile.rb:113:in `call'
  railties (4.2.6) lib/rails/engine.rb:518:in `call'
  railties (4.2.6) lib/rails/application.rb:165:in `call'
  rack (1.6.4) lib/rack/lock.rb:17:in `call'
  rack (1.6.4) lib/rack/content_length.rb:15:in `call'
  rack (1.6.4) lib/rack/handler/webrick.rb:88:in `service'
  /home/nyros/.rvm/rubies/ruby-2.3.0/lib/ruby/2.3.0/webrick/httpserver.rb:140:in `service'
  /home/nyros/.rvm/rubies/ruby-2.3.0/lib/ruby/2.3.0/webrick/httpserver.rb:96:in `run'
  /home/nyros/.rvm/rubies/ruby-2.3.0/lib/ruby/2.3.0/webrick/server.rb:296:in `block in start_thread'


  Rendered /home/nyros/.rvm/gems/ruby-2.3.0/gems/actionpack-4.2.6/lib/action_dispatch/middleware/templates/rescues/_trace.html.erb (2.3ms)
  Rendered /home/nyros/.rvm/gems/ruby-2.3.0/gems/actionpack-4.2.6/lib/action_dispatch/middleware/templates/routes/_route.html.erb (1.4ms)
  Rendered /home/nyros/.rvm/gems/ruby-2.3.0/gems/actionpack-4.2.6/lib/action_dispatch/middleware/templates/routes/_table.html.erb (8.6ms)
  Rendered /home/nyros/.rvm/gems/ruby-2.3.0/gems/actionpack-4.2.6/lib/action_dispatch/middleware/templates/rescues/_request_and_response.html.erb (1.8ms)
  Rendered /home/nyros/.rvm/gems/ruby-2.3.0/gems/actionpack-4.2.6/lib/action_dispatch/middleware/templates/rescues/routing_error.html.erb within rescues/layout (44.9ms)
  Rendered /home/nyros/.rvm/gems/ruby-2.3.0/gems/web-console-2.3.0/lib/web_console/templates/_markup.html.erb (0.4ms)
  Rendered /home/nyros/.rvm/gems/ruby-2.3.0/gems/web-console-2.3.0/lib/web_console/templates/_inner_console_markup.html.erb within layouts/inlined_string (0.6ms)
  Rendered /home/nyros/.rvm/gems/ruby-2.3.0/gems/web-console-2.3.0/lib/web_console/templates/_prompt_box_markup.html.erb within layouts/inlined_string (0.4ms)
  Rendered /home/nyros/.rvm/gems/ruby-2.3.0/gems/web-console-2.3.0/lib/web_console/templates/style.css.erb within layouts/inlined_string (0.5ms)
  Rendered /home/nyros/.rvm/gems/ruby-2.3.0/gems/web-console-2.3.0/lib/web_console/templates/console.js.erb within layouts/javascript (32.0ms)
  Rendered /home/nyros/.rvm/gems/ruby-2.3.0/gems/web-console-2.3.0/lib/web_console/templates/main.js.erb within layouts/javascript (0.5ms)
  Rendered /home/nyros/.rvm/gems/ruby-2.3.0/gems/web-console-2.3.0/lib/web_console/templates/error_page.js.erb within layouts/javascript (0.9ms)
  Rendered /home/nyros/.rvm/gems/ruby-2.3.0/gems/web-console-2.3.0/lib/web_console/templates/index.html.erb (58.7ms)


Started GET "/sign_up" for 127.0.0.1 at 2016-06-16 12:15:41 +0530

ActionController::RoutingError (No route matches [GET] "/sign_up"):
  actionpack (4.2.6) lib/action_dispatch/middleware/debug_exceptions.rb:21:in `call'
  web-console (2.3.0) lib/web_console/middleware.rb:28:in `block in call'
  web-console (2.3.0) lib/web_console/middleware.rb:18:in `catch'
  web-console (2.3.0) lib/web_console/middleware.rb:18:in `call'
  actionpack (4.2.6) lib/action_dispatch/middleware/show_exceptions.rb:30:in `call'
  railties (4.2.6) lib/rails/rack/logger.rb:38:in `call_app'
  railties (4.2.6) lib/rails/rack/logger.rb:20:in `block in call'
  activesupport (4.2.6) lib/active_support/tagged_logging.rb:68:in `block in tagged'
  activesupport (4.2.6) lib/active_support/tagged_logging.rb:26:in `tagged'
  activesupport (4.2.6) lib/active_support/tagged_logging.rb:68:in `tagged'
  railties (4.2.6) lib/rails/rack/logger.rb:20:in `call'
  actionpack (4.2.6) lib/action_dispatch/middleware/request_id.rb:21:in `call'
  rack (1.6.4) lib/rack/methodoverride.rb:22:in `call'
  rack (1.6.4) lib/rack/runtime.rb:18:in `call'
  activesupport (4.2.6) lib/active_support/cache/strategy/local_cache_middleware.rb:28:in `call'
  rack (1.6.4) lib/rack/lock.rb:17:in `call'
  actionpack (4.2.6) lib/action_dispatch/middleware/static.rb:120:in `call'
  rack (1.6.4) lib/rack/sendfile.rb:113:in `call'
  railties (4.2.6) lib/rails/engine.rb:518:in `call'
  railties (4.2.6) lib/rails/application.rb:165:in `call'
  rack (1.6.4) lib/rack/lock.rb:17:in `call'
  rack (1.6.4) lib/rack/content_length.rb:15:in `call'
  rack (1.6.4) lib/rack/handler/webrick.rb:88:in `service'
  /home/nyros/.rvm/rubies/ruby-2.3.0/lib/ruby/2.3.0/webrick/httpserver.rb:140:in `service'
  /home/nyros/.rvm/rubies/ruby-2.3.0/lib/ruby/2.3.0/webrick/httpserver.rb:96:in `run'
  /home/nyros/.rvm/rubies/ruby-2.3.0/lib/ruby/2.3.0/webrick/server.rb:296:in `block in start_thread'


  Rendered /home/nyros/.rvm/gems/ruby-2.3.0/gems/actionpack-4.2.6/lib/action_dispatch/middleware/templates/rescues/_trace.html.erb (2.5ms)
  Rendered /home/nyros/.rvm/gems/ruby-2.3.0/gems/actionpack-4.2.6/lib/action_dispatch/middleware/templates/routes/_route.html.erb (1.5ms)
  Rendered /home/nyros/.rvm/gems/ruby-2.3.0/gems/actionpack-4.2.6/lib/action_dispatch/middleware/templates/routes/_table.html.erb (1.8ms)
  Rendered /home/nyros/.rvm/gems/ruby-2.3.0/gems/actionpack-4.2.6/lib/action_dispatch/middleware/templates/rescues/_request_and_response.html.erb (1.7ms)
  Rendered /home/nyros/.rvm/gems/ruby-2.3.0/gems/actionpack-4.2.6/lib/action_dispatch/middleware/templates/rescues/routing_error.html.erb within rescues/layout (33.4ms)
  Rendered /home/nyros/.rvm/gems/ruby-2.3.0/gems/web-console-2.3.0/lib/web_console/templates/_markup.html.erb (0.6ms)
  Rendered /home/nyros/.rvm/gems/ruby-2.3.0/gems/web-console-2.3.0/lib/web_console/templates/_inner_console_markup.html.erb within layouts/inlined_string (0.7ms)
  Rendered /home/nyros/.rvm/gems/ruby-2.3.0/gems/web-console-2.3.0/lib/web_console/templates/_prompt_box_markup.html.erb within layouts/inlined_string (0.4ms)
  Rendered /home/nyros/.rvm/gems/ruby-2.3.0/gems/web-console-2.3.0/lib/web_console/templates/style.css.erb within layouts/inlined_string (0.6ms)
  Rendered /home/nyros/.rvm/gems/ruby-2.3.0/gems/web-console-2.3.0/lib/web_console/templates/console.js.erb within layouts/javascript (23.8ms)
  Rendered /home/nyros/.rvm/gems/ruby-2.3.0/gems/web-console-2.3.0/lib/web_console/templates/main.js.erb within layouts/javascript (0.3ms)
  Rendered /home/nyros/.rvm/gems/ruby-2.3.0/gems/web-console-2.3.0/lib/web_console/templates/error_page.js.erb within layouts/javascript (0.6ms)
  Rendered /home/nyros/.rvm/gems/ruby-2.3.0/gems/web-console-2.3.0/lib/web_console/templates/index.html.erb (45.6ms)


Started GET "/registrations" for 127.0.0.1 at 2016-06-16 12:25:47 +0530
Processing by RegistrationsController#index as HTML
  [1m[35mRegistration Load (0.5ms)[0m  SELECT `registrations`.* FROM `registrations`
  Rendered registrations/index.html.erb within layouts/application (15.6ms)
Completed 200 OK in 387ms (Views: 381.7ms | ActiveRecord: 2.9ms)


Started GET "/registrations/new" for 127.0.0.1 at 2016-06-16 12:39:25 +0530
Processing by RegistrationsController#new as HTML
  Rendered registrations/_form.html.erb (31.1ms)
  Rendered registrations/new.html.erb within layouts/application (33.0ms)
Completed 200 OK in 97ms (Views: 95.1ms | ActiveRecord: 0.0ms)


Started GET "/" for 127.0.0.1 at 2016-06-17 10:30:25 +0530
  [1m[36mActiveRecord::SchemaMigration Load (0.3ms)[0m  [1mSELECT `schema_migrations`.* FROM `schema_migrations`[0m
Processing by Rails::WelcomeController#index as HTML
  Rendered /home/nyros/.rvm/gems/ruby-2.3.0/gems/railties-4.2.6/lib/rails/templates/rails/welcome/index.html.erb (2.4ms)
Completed 200 OK in 245ms (Views: 161.0ms | ActiveRecord: 0.0ms)


Started GET "/users/sign_up" for 127.0.0.1 at 2016-06-17 10:30:39 +0530

ActionController::RoutingError (No route matches [GET] "/users/sign_up"):
  actionpack (4.2.6) lib/action_dispatch/middleware/debug_exceptions.rb:21:in `call'
  web-console (2.3.0) lib/web_console/middleware.rb:28:in `block in call'
  web-console (2.3.0) lib/web_console/middleware.rb:18:in `catch'
  web-console (2.3.0) lib/web_console/middleware.rb:18:in `call'
  actionpack (4.2.6) lib/action_dispatch/middleware/show_exceptions.rb:30:in `call'
  railties (4.2.6) lib/rails/rack/logger.rb:38:in `call_app'
  railties (4.2.6) lib/rails/rack/logger.rb:20:in `block in call'
  activesupport (4.2.6) lib/active_support/tagged_logging.rb:68:in `block in tagged'
  activesupport (4.2.6) lib/active_support/tagged_logging.rb:26:in `tagged'
  activesupport (4.2.6) lib/active_support/tagged_logging.rb:68:in `tagged'
  railties (4.2.6) lib/rails/rack/logger.rb:20:in `call'
  actionpack (4.2.6) lib/action_dispatch/middleware/request_id.rb:21:in `call'
  rack (1.6.4) lib/rack/methodoverride.rb:22:in `call'
  rack (1.6.4) lib/rack/runtime.rb:18:in `call'
  activesupport (4.2.6) lib/active_support/cache/strategy/local_cache_middleware.rb:28:in `call'
  rack (1.6.4) lib/rack/lock.rb:17:in `call'
  actionpack (4.2.6) lib/action_dispatch/middleware/static.rb:120:in `call'
  rack (1.6.4) lib/rack/sendfile.rb:113:in `call'
  railties (4.2.6) lib/rails/engine.rb:518:in `call'
  railties (4.2.6) lib/rails/application.rb:165:in `call'
  rack (1.6.4) lib/rack/lock.rb:17:in `call'
  rack (1.6.4) lib/rack/content_length.rb:15:in `call'
  rack (1.6.4) lib/rack/handler/webrick.rb:88:in `service'
  /home/nyros/.rvm/rubies/ruby-2.3.0/lib/ruby/2.3.0/webrick/httpserver.rb:140:in `service'
  /home/nyros/.rvm/rubies/ruby-2.3.0/lib/ruby/2.3.0/webrick/httpserver.rb:96:in `run'
  /home/nyros/.rvm/rubies/ruby-2.3.0/lib/ruby/2.3.0/webrick/server.rb:296:in `block in start_thread'


  Rendered /home/nyros/.rvm/gems/ruby-2.3.0/gems/actionpack-4.2.6/lib/action_dispatch/middleware/templates/rescues/_trace.html.erb (2.1ms)
  Rendered /home/nyros/.rvm/gems/ruby-2.3.0/gems/actionpack-4.2.6/lib/action_dispatch/middleware/templates/routes/_route.html.erb (1.5ms)
  Rendered /home/nyros/.rvm/gems/ruby-2.3.0/gems/actionpack-4.2.6/lib/action_dispatch/middleware/templates/routes/_table.html.erb (40.4ms)
  Rendered /home/nyros/.rvm/gems/ruby-2.3.0/gems/actionpack-4.2.6/lib/action_dispatch/middleware/templates/rescues/_request_and_response.html.erb (1.6ms)
  Rendered /home/nyros/.rvm/gems/ruby-2.3.0/gems/actionpack-4.2.6/lib/action_dispatch/middleware/templates/rescues/routing_error.html.erb within rescues/layout (88.8ms)
  Rendered /home/nyros/.rvm/gems/ruby-2.3.0/gems/web-console-2.3.0/lib/web_console/templates/_markup.html.erb (1.0ms)
  Rendered /home/nyros/.rvm/gems/ruby-2.3.0/gems/web-console-2.3.0/lib/web_console/templates/_inner_console_markup.html.erb within layouts/inlined_string (0.5ms)
  Rendered /home/nyros/.rvm/gems/ruby-2.3.0/gems/web-console-2.3.0/lib/web_console/templates/_prompt_box_markup.html.erb within layouts/inlined_string (0.4ms)
  Rendered /home/nyros/.rvm/gems/ruby-2.3.0/gems/web-console-2.3.0/lib/web_console/templates/style.css.erb within layouts/inlined_string (0.4ms)
  Rendered /home/nyros/.rvm/gems/ruby-2.3.0/gems/web-console-2.3.0/lib/web_console/templates/console.js.erb within layouts/javascript (73.9ms)
  Rendered /home/nyros/.rvm/gems/ruby-2.3.0/gems/web-console-2.3.0/lib/web_console/templates/main.js.erb within layouts/javascript (0.4ms)
  Rendered /home/nyros/.rvm/gems/ruby-2.3.0/gems/web-console-2.3.0/lib/web_console/templates/error_page.js.erb within layouts/javascript (0.6ms)
  Rendered /home/nyros/.rvm/gems/ruby-2.3.0/gems/web-console-2.3.0/lib/web_console/templates/index.html.erb (126.2ms)


Started GET "/" for 127.0.0.1 at 2016-06-17 10:31:21 +0530
Processing by Rails::WelcomeController#index as HTML
  Rendered /home/nyros/.rvm/gems/ruby-2.3.0/gems/railties-4.2.6/lib/rails/templates/rails/welcome/index.html.erb (0.3ms)
Completed 200 OK in 3ms (Views: 2.0ms | ActiveRecord: 0.0ms)


Started GET "/registrations" for 127.0.0.1 at 2016-06-17 10:31:27 +0530
Processing by RegistrationsController#index as HTML
  [1m[35mRegistration Load (0.4ms)[0m  SELECT `registrations`.* FROM `registrations`
  Rendered registrations/index.html.erb within layouts/application (23.6ms)
Completed 200 OK in 741ms (Views: 734.8ms | ActiveRecord: 1.8ms)


Started GET "/registrations/new" for 127.0.0.1 at 2016-06-17 10:31:32 +0530
Processing by RegistrationsController#new as HTML
  Rendered registrations/_form.html.erb (35.2ms)
  Rendered registrations/new.html.erb within layouts/application (48.5ms)
Completed 200 OK in 77ms (Views: 75.9ms | ActiveRecord: 0.0ms)


Started GET "/registrations" for 127.0.0.1 at 2016-06-17 17:33:12 +0530
  [1m[36mActiveRecord::SchemaMigration Load (0.3ms)[0m  [1mSELECT `schema_migrations`.* FROM `schema_migrations`[0m
Processing by RegistrationsController#index as HTML
  [1m[35mRegistration Load (0.6ms)[0m  SELECT `registrations`.* FROM `registrations`
  Rendered registrations/index.html.erb within layouts/application (17.4ms)
Completed 200 OK in 415ms (Views: 395.8ms | ActiveRecord: 2.0ms)


Started GET "/registrations/new" for 127.0.0.1 at 2016-06-17 17:33:16 +0530
Processing by RegistrationsController#new as HTML
  Rendered registrations/_form.html.erb (29.1ms)
  Rendered registrations/new.html.erb within layouts/application (34.8ms)
Completed 200 OK in 65ms (Views: 63.4ms | ActiveRecord: 0.0ms)


Started POST "/registrations" for 127.0.0.1 at 2016-06-17 17:33:48 +0530
Processing by RegistrationsController#create as HTML
  Parameters: {"utf8"=>"✓", "authenticity_token"=>"3HsMqmhgJHHPRfW4z8gPCKYWCaqDH2nPFYjFSnis12gIvtfKB3KbISe8TTgm+R5dlYcRsvoi1SZDVoISOkS2mQ==", "registration"=>{"firstname"=>"", "lastname"=>"", "email"=>"dsdsd", "phone"=>"", "gender"=>""}, "commit"=>"Create Registration"}
  [1m[36m (0.3ms)[0m  [1mBEGIN[0m
  [1m[35mSQL (95.5ms)[0m  INSERT INTO `registrations` (`firstname`, `lastname`, `email`, `gender`, `created_at`, `updated_at`) VALUES ('', '', 'dsdsd', '', '2016-06-17 12:03:48', '2016-06-17 12:03:48')
  [1m[36m (143.8ms)[0m  [1mCOMMIT[0m
Redirected to http://localhost:3000/registrations/3
Completed 302 Found in 246ms (ActiveRecord: 239.7ms)


Started GET "/registrations/3" for 127.0.0.1 at 2016-06-17 17:33:48 +0530
Processing by RegistrationsController#show as HTML
  Parameters: {"id"=>"3"}
  [1m[35mRegistration Load (1.2ms)[0m  SELECT  `registrations`.* FROM `registrations` WHERE `registrations`.`id` = 3 LIMIT 1
  Rendered registrations/show.html.erb within layouts/application (1.5ms)
Completed 200 OK in 77ms (Views: 23.8ms | ActiveRecord: 1.2ms)


Started GET "/registrations" for 127.0.0.1 at 2016-06-17 17:33:54 +0530
Processing by RegistrationsController#index as HTML
  [1m[36mRegistration Load (0.5ms)[0m  [1mSELECT `registrations`.* FROM `registrations`[0m
  Rendered registrations/index.html.erb within layouts/application (5.2ms)
Completed 200 OK in 51ms (Views: 48.8ms | ActiveRecord: 0.5ms)


Started GET "/registrations/new" for 127.0.0.1 at 2016-06-17 17:33:55 +0530
Processing by RegistrationsController#new as HTML
  Rendered registrations/_form.html.erb (3.9ms)
  Rendered registrations/new.html.erb within layouts/application (5.8ms)
Completed 200 OK in 29ms (Views: 27.9ms | ActiveRecord: 0.0ms)


Started GET "/registrations/new" for 127.0.0.1 at 2016-06-17 17:47:06 +0530
Processing by RegistrationsController#new as HTML
  Rendered registrations/_form.html.erb (17.5ms)
  Rendered registrations/new.html.erb within layouts/application (19.1ms)
Completed 500 Internal Server Error in 22ms (ActiveRecord: 0.0ms)

ActionView::Template::Error (undefined method `username' for #<Registration:0x007f076a3b5420>):
    13: 
    14:   <div class="field">
    15:     <%= f.label :username %><br>
    16:     <%= f.text_field :username %>
    17:   </div>
    18:   <div class="field">
    19:     <%= f.label :email %><br>
  app/views/registrations/_form.html.erb:16:in `block in _app_views_registrations__form_html_erb__3642978169563179791_69834911821160'
  app/views/registrations/_form.html.erb:1:in `_app_views_registrations__form_html_erb__3642978169563179791_69834911821160'
  app/views/registrations/new.html.erb:3:in `_app_views_registrations_new_html_erb__3537278133356554553_69834911726720'


  Rendered /home/nyros/.rvm/gems/ruby-2.3.0/gems/actionpack-4.2.6/lib/action_dispatch/middleware/templates/rescues/_source.erb (21.1ms)
  Rendered /home/nyros/.rvm/gems/ruby-2.3.0/gems/actionpack-4.2.6/lib/action_dispatch/middleware/templates/rescues/_trace.html.erb (4.5ms)
  Rendered /home/nyros/.rvm/gems/ruby-2.3.0/gems/actionpack-4.2.6/lib/action_dispatch/middleware/templates/rescues/_request_and_response.html.erb (1.3ms)
  Rendered /home/nyros/.rvm/gems/ruby-2.3.0/gems/actionpack-4.2.6/lib/action_dispatch/middleware/templates/rescues/template_error.html.erb within rescues/layout (46.4ms)
  Rendered /home/nyros/.rvm/gems/ruby-2.3.0/gems/web-console-2.3.0/lib/web_console/templates/_markup.html.erb (1.0ms)
  Rendered /home/nyros/.rvm/gems/ruby-2.3.0/gems/web-console-2.3.0/lib/web_console/templates/_inner_console_markup.html.erb within layouts/inlined_string (0.4ms)
  Rendered /home/nyros/.rvm/gems/ruby-2.3.0/gems/web-console-2.3.0/lib/web_console/templates/_prompt_box_markup.html.erb within layouts/inlined_string (0.3ms)
  Rendered /home/nyros/.rvm/gems/ruby-2.3.0/gems/web-console-2.3.0/lib/web_console/templates/style.css.erb within layouts/inlined_string (0.5ms)
  Rendered /home/nyros/.rvm/gems/ruby-2.3.0/gems/web-console-2.3.0/lib/web_console/templates/console.js.erb within layouts/javascript (23.1ms)
  Rendered /home/nyros/.rvm/gems/ruby-2.3.0/gems/web-console-2.3.0/lib/web_console/templates/main.js.erb within layouts/javascript (0.6ms)
  Rendered /home/nyros/.rvm/gems/ruby-2.3.0/gems/web-console-2.3.0/lib/web_console/templates/error_page.js.erb within layouts/javascript (1.2ms)
  Rendered /home/nyros/.rvm/gems/ruby-2.3.0/gems/web-console-2.3.0/lib/web_console/templates/index.html.erb (48.2ms)


Started GET "/registrations/new" for 127.0.0.1 at 2016-06-17 17:48:37 +0530
Processing by RegistrationsController#new as HTML
  Rendered registrations/_form.html.erb (16.9ms)
  Rendered registrations/new.html.erb within layouts/application (17.8ms)
Completed 500 Internal Server Error in 21ms (ActiveRecord: 0.0ms)

ActionView::Template::Error (undefined method `username' for #<Registration:0x007f076a936bb0>):
    13: 
    14:   <div class="field">
    15:     <%= f.label :username %><br>
    16:     <%= f.text_field :username %>
    17:   </div>
    18:   <div class="field">
    19:     <%= f.label :email %><br>
  app/views/registrations/_form.html.erb:16:in `block in _app_views_registrations__form_html_erb__3642978169563179791_69834911821160'
  app/views/registrations/_form.html.erb:1:in `_app_views_registrations__form_html_erb__3642978169563179791_69834911821160'
  app/views/registrations/new.html.erb:3:in `_app_views_registrations_new_html_erb__3537278133356554553_69834911726720'


  Rendered /home/nyros/.rvm/gems/ruby-2.3.0/gems/actionpack-4.2.6/lib/action_dispatch/middleware/templates/rescues/_source.erb (11.2ms)
  Rendered /home/nyros/.rvm/gems/ruby-2.3.0/gems/actionpack-4.2.6/lib/action_dispatch/middleware/templates/rescues/_trace.html.erb (4.1ms)
  Rendered /home/nyros/.rvm/gems/ruby-2.3.0/gems/actionpack-4.2.6/lib/action_dispatch/middleware/templates/rescues/_request_and_response.html.erb (1.2ms)
  Rendered /home/nyros/.rvm/gems/ruby-2.3.0/gems/actionpack-4.2.6/lib/action_dispatch/middleware/templates/rescues/template_error.html.erb within rescues/layout (36.1ms)
  Rendered /home/nyros/.rvm/gems/ruby-2.3.0/gems/web-console-2.3.0/lib/web_console/templates/_markup.html.erb (0.7ms)
  Rendered /home/nyros/.rvm/gems/ruby-2.3.0/gems/web-console-2.3.0/lib/web_console/templates/_inner_console_markup.html.erb within layouts/inlined_string (0.5ms)
  Rendered /home/nyros/.rvm/gems/ruby-2.3.0/gems/web-console-2.3.0/lib/web_console/templates/_prompt_box_markup.html.erb within layouts/inlined_string (0.4ms)
  Rendered /home/nyros/.rvm/gems/ruby-2.3.0/gems/web-console-2.3.0/lib/web_console/templates/style.css.erb within layouts/inlined_string (0.7ms)
  Rendered /home/nyros/.rvm/gems/ruby-2.3.0/gems/web-console-2.3.0/lib/web_console/templates/console.js.erb within layouts/javascript (31.7ms)
  Rendered /home/nyros/.rvm/gems/ruby-2.3.0/gems/web-console-2.3.0/lib/web_console/templates/main.js.erb within layouts/javascript (1.1ms)
  Rendered /home/nyros/.rvm/gems/ruby-2.3.0/gems/web-console-2.3.0/lib/web_console/templates/error_page.js.erb within layouts/javascript (0.5ms)
  Rendered /home/nyros/.rvm/gems/ruby-2.3.0/gems/web-console-2.3.0/lib/web_console/templates/index.html.erb (56.2ms)


Started GET "/registrations/new" for 127.0.0.1 at 2016-06-17 17:53:48 +0530
Processing by RegistrationsController#new as HTML
  Rendered registrations/_form.html.erb (13.8ms)
  Rendered registrations/new.html.erb within layouts/application (15.0ms)
Completed 500 Internal Server Error in 40ms (ActiveRecord: 1.6ms)

ActionView::Template::Error (undefined method `username' for #<Registration:0x007f076a9de1a8>):
    13: 
    14:   <div class="field">
    15:     <%= f.label :username %><br>
    16:     <%= f.text_field :username %>
    17:   </div>
    18:   <div class="field">
    19:     <%= f.label :email %><br>
  app/views/registrations/_form.html.erb:16:in `block in _app_views_registrations__form_html_erb__3642978169563179791_69834911821160'
  app/views/registrations/_form.html.erb:1:in `_app_views_registrations__form_html_erb__3642978169563179791_69834911821160'
  app/views/registrations/new.html.erb:3:in `_app_views_registrations_new_html_erb__3537278133356554553_69834911726720'


  Rendered /home/nyros/.rvm/gems/ruby-2.3.0/gems/actionpack-4.2.6/lib/action_dispatch/middleware/templates/rescues/_source.erb (11.6ms)
  Rendered /home/nyros/.rvm/gems/ruby-2.3.0/gems/actionpack-4.2.6/lib/action_dispatch/middleware/templates/rescues/_trace.html.erb (13.2ms)
  Rendered /home/nyros/.rvm/gems/ruby-2.3.0/gems/actionpack-4.2.6/lib/action_dispatch/middleware/templates/rescues/_request_and_response.html.erb (1.2ms)
  Rendered /home/nyros/.rvm/gems/ruby-2.3.0/gems/actionpack-4.2.6/lib/action_dispatch/middleware/templates/rescues/template_error.html.erb within rescues/layout (44.2ms)
  Rendered /home/nyros/.rvm/gems/ruby-2.3.0/gems/web-console-2.3.0/lib/web_console/templates/_markup.html.erb (0.9ms)
  Rendered /home/nyros/.rvm/gems/ruby-2.3.0/gems/web-console-2.3.0/lib/web_console/templates/_inner_console_markup.html.erb within layouts/inlined_string (0.4ms)
  Rendered /home/nyros/.rvm/gems/ruby-2.3.0/gems/web-console-2.3.0/lib/web_console/templates/_prompt_box_markup.html.erb within layouts/inlined_string (0.3ms)
  Rendered /home/nyros/.rvm/gems/ruby-2.3.0/gems/web-console-2.3.0/lib/web_console/templates/style.css.erb within layouts/inlined_string (0.6ms)
  Rendered /home/nyros/.rvm/gems/ruby-2.3.0/gems/web-console-2.3.0/lib/web_console/templates/console.js.erb within layouts/javascript (23.3ms)
  Rendered /home/nyros/.rvm/gems/ruby-2.3.0/gems/web-console-2.3.0/lib/web_console/templates/main.js.erb within layouts/javascript (0.5ms)
  Rendered /home/nyros/.rvm/gems/ruby-2.3.0/gems/web-console-2.3.0/lib/web_console/templates/error_page.js.erb within layouts/javascript (0.6ms)
  Rendered /home/nyros/.rvm/gems/ruby-2.3.0/gems/web-console-2.3.0/lib/web_console/templates/index.html.erb (47.6ms)


Started GET "/registrations" for 127.0.0.1 at 2016-06-17 17:53:54 +0530
Processing by RegistrationsController#index as HTML
  [1m[35mRegistration Load (0.2ms)[0m  SELECT `registrations`.* FROM `registrations`
  Rendered registrations/index.html.erb within layouts/application (17.3ms)
Completed 500 Internal Server Error in 21ms (ActiveRecord: 0.2ms)

ActionView::Template::Error (undefined method `username' for #<Registration:0x007f076a50bc20>):
    15:   <tbody>
    16:     <% @registrations.each do |registration| %>
    17:       <tr>
    18:         <td><%= registration.username %></td>
    19:         <td><%= registration.email %></td>
    20:         <td><%= registration.password %></td>
    21:         <td><%= link_to 'Show', registration %></td>
  app/views/registrations/index.html.erb:18:in `block in _app_views_registrations_index_html_erb__4108686896082552672_69834912764740'
  app/views/registrations/index.html.erb:16:in `_app_views_registrations_index_html_erb__4108686896082552672_69834912764740'


  Rendered /home/nyros/.rvm/gems/ruby-2.3.0/gems/actionpack-4.2.6/lib/action_dispatch/middleware/templates/rescues/_source.erb (10.7ms)
  Rendered /home/nyros/.rvm/gems/ruby-2.3.0/gems/actionpack-4.2.6/lib/action_dispatch/middleware/templates/rescues/_trace.html.erb (4.1ms)
  Rendered /home/nyros/.rvm/gems/ruby-2.3.0/gems/actionpack-4.2.6/lib/action_dispatch/middleware/templates/rescues/_request_and_response.html.erb (1.3ms)
  Rendered /home/nyros/.rvm/gems/ruby-2.3.0/gems/actionpack-4.2.6/lib/action_dispatch/middleware/templates/rescues/template_error.html.erb within rescues/layout (35.6ms)
  Rendered /home/nyros/.rvm/gems/ruby-2.3.0/gems/web-console-2.3.0/lib/web_console/templates/_markup.html.erb (0.9ms)
  Rendered /home/nyros/.rvm/gems/ruby-2.3.0/gems/web-console-2.3.0/lib/web_console/templates/_inner_console_markup.html.erb within layouts/inlined_string (0.5ms)
  Rendered /home/nyros/.rvm/gems/ruby-2.3.0/gems/web-console-2.3.0/lib/web_console/templates/_prompt_box_markup.html.erb within layouts/inlined_string (0.4ms)
  Rendered /home/nyros/.rvm/gems/ruby-2.3.0/gems/web-console-2.3.0/lib/web_console/templates/style.css.erb within layouts/inlined_string (0.5ms)
  Rendered /home/nyros/.rvm/gems/ruby-2.3.0/gems/web-console-2.3.0/lib/web_console/templates/console.js.erb within layouts/javascript (23.4ms)
  Rendered /home/nyros/.rvm/gems/ruby-2.3.0/gems/web-console-2.3.0/lib/web_console/templates/main.js.erb within layouts/javascript (0.6ms)
  Rendered /home/nyros/.rvm/gems/ruby-2.3.0/gems/web-console-2.3.0/lib/web_console/templates/error_page.js.erb within layouts/javascript (0.6ms)
  Rendered /home/nyros/.rvm/gems/ruby-2.3.0/gems/web-console-2.3.0/lib/web_console/templates/index.html.erb (48.3ms)


Started GET "/registrations" for 127.0.0.1 at 2016-06-17 17:55:04 +0530
  [1m[36mActiveRecord::SchemaMigration Load (0.2ms)[0m  [1mSELECT `schema_migrations`.* FROM `schema_migrations`[0m
Processing by RegistrationsController#index as HTML
  [1m[35mRegistration Load (0.2ms)[0m  SELECT `registrations`.* FROM `registrations`
  Rendered registrations/index.html.erb within layouts/application (19.9ms)
Completed 200 OK in 364ms (Views: 346.4ms | ActiveRecord: 2.2ms)


Started GET "/assets/registrations.self-e3b0c44298fc1c149afbf4c8996fb92427ae41e4649b934ca495991b7852b855.css?body=1" for 127.0.0.1 at 2016-06-17 17:55:04 +0530


Started GET "/assets/scaffolds.self-adf8bd8511025456636a929b59a726a601ce66a7cbaac663dcf5dbe95ad23ba3.css?body=1" for 127.0.0.1 at 2016-06-17 17:55:04 +0530


Started GET "/assets/application.self-e80e8f2318043e8af94dddc2adad5a4f09739a8ebb323b3ab31cd71d45fd9113.css?body=1" for 127.0.0.1 at 2016-06-17 17:55:04 +0530


Started GET "/assets/jquery.self-660adc51e0224b731d29f575a6f1ec167ba08ad06ed5deca4f1e8654c135bf4c.js?body=1" for 127.0.0.1 at 2016-06-17 17:55:04 +0530


Started GET "/assets/turbolinks.self-c37727e9bd6b2735da5c311aa83fead54ed0be6cc8bd9a65309e9c5abe2cbfff.js?body=1" for 127.0.0.1 at 2016-06-17 17:55:04 +0530


Started GET "/assets/jquery_ujs.self-e87806d0cf4489aeb1bb7288016024e8de67fd18db693fe026fe3907581e53cd.js?body=1" for 127.0.0.1 at 2016-06-17 17:55:04 +0530


Started GET "/assets/registrations.self-877aef30ae1b040ab8a3aba4e3e309a11d7f2612f44dde450b5c157aa5f95c05.js?body=1" for 127.0.0.1 at 2016-06-17 17:55:04 +0530


Started GET "/assets/application.self-3b8dabdc891efe46b9a144b400ad69e37d7e5876bdc39dee783419a69d7ca819.js?body=1" for 127.0.0.1 at 2016-06-17 17:55:04 +0530


Started GET "/" for 127.0.0.1 at 2016-07-07 11:32:15 +0530
  [1m[36mActiveRecord::SchemaMigration Load (0.5ms)[0m  [1mSELECT `schema_migrations`.* FROM `schema_migrations`[0m
Processing by Rails::WelcomeController#index as HTML
  Rendered /home/nyros/.rvm/gems/ruby-2.3.0/gems/railties-4.2.6/lib/rails/templates/rails/welcome/index.html.erb (1.8ms)
Completed 200 OK in 23ms (Views: 9.9ms | ActiveRecord: 0.0ms)
